<?xml version="1.0" encoding="UTF-8"?>
<testsuite xmlns:xsi="http://www.w3.org/2001/XMLSchema-instance" xsi:schemaLocation="https://maven.apache.org/surefire/maven-surefire-plugin/xsd/surefire-test-report.xsd" name="TestSuite" time="104.799" tests="3" errors="0" skipped="0" failures="0">
  <properties>
[...]
</properties>
  <testcase name="validateApplicationDetails" classname="org.browserstack.test.DemoQAStepDef" time="5.298"/>
  <testcase name="validateApplicationDetails" classname="org.browserstack.test.DemoQAStepDef" time="17.046"/>
  <testcase name="validateApplicationDetails" classname="org.browserstack.test.DemoQAStepDef" time="78.938"/>
</testsuite>