<?xml version="1.0" encoding="UTF-8"?>
<testng-results ignored="0" total="3" passed="3" failed="0" skipped="0">
  <reporter-output>
  </reporter-output>
  <suite started-at="2023-09-27T12:36:09 GST" name="Cross-Platform" finished-at="2023-09-27T12:37:52 GST" duration-ms="103323">
    <groups>
    </groups>
    <test started-at="2023-09-27T12:36:09 GST" name="BStackDemo-0" finished-at="2023-09-27T12:36:39 GST" duration-ms="30068">
      <class name="org.browserstack.test.DemoQAStepDef">
        <test-method is-config="true" signature="getDriver()[pri:0, instance:org.browserstack.test.DemoQAStepDef@54336c81]" started-at="2023-09-27T12:36:09 GST" name="getDriver" finished-at="2023-09-27T12:36:21 GST" duration-ms="12207" status="PASS">
          <reporter-output>
          </reporter-output>
        </test-method> <!-- getDriver -->
        <test-method signature="validateApplicationDetails()[pri:0, instance:org.browserstack.test.DemoQAStepDef@54336c81]" started-at="2023-09-27T12:36:21 GST" name="validateApplicationDetails" finished-at="2023-09-27T12:36:37 GST" duration-ms="15473" status="PASS">
          <reporter-output>
          </reporter-output>
        </test-method> <!-- validateApplicationDetails -->
        <test-method is-config="true" signature="tearDownDriver()[pri:0, instance:org.browserstack.test.DemoQAStepDef@54336c81]" started-at="2023-09-27T12:36:37 GST" name="tearDownDriver" finished-at="2023-09-27T12:36:39 GST" duration-ms="1574" status="PASS">
          <reporter-output>
          </reporter-output>
        </test-method> <!-- tearDownDriver -->
      </class> <!-- org.browserstack.test.DemoQAStepDef -->
    </test> <!-- BStackDemo-0 -->
    <test started-at="2023-09-27T12:36:09 GST" name="BStackDemo-1" finished-at="2023-09-27T12:36:51 GST" duration-ms="42072">
      <class name="org.browserstack.test.DemoQAStepDef">
        <test-method is-config="true" signature="getDriver()[pri:0, instance:org.browserstack.test.DemoQAStepDef@62e8f862]" started-at="2023-09-27T12:36:09 GST" name="getDriver" finished-at="2023-09-27T12:36:31 GST" duration-ms="22389" status="PASS">
          <reporter-output>
          </reporter-output>
        </test-method> <!-- getDriver -->
        <test-method signature="validateApplicationDetails()[pri:0, instance:org.browserstack.test.DemoQAStepDef@62e8f862]" started-at="2023-09-27T12:36:31 GST" name="validateApplicationDetails" finished-at="2023-09-27T12:36:48 GST" duration-ms="17046" status="PASS">
          <reporter-output>
          </reporter-output>
        </test-method> <!-- validateApplicationDetails -->
        <test-method is-config="true" signature="tearDownDriver()[pri:0, instance:org.browserstack.test.DemoQAStepDef@62e8f862]" started-at="2023-09-27T12:36:49 GST" name="tearDownDriver" finished-at="2023-09-27T12:36:51 GST" duration-ms="1673" status="PASS">
          <reporter-output>
          </reporter-output>
        </test-method> <!-- tearDownDriver -->
      </class> <!-- org.browserstack.test.DemoQAStepDef -->
    </test> <!-- BStackDemo-1 -->
    <test started-at="2023-09-27T12:36:09 GST" name="BStackDemo-2" finished-at="2023-09-27T12:37:52 GST" duration-ms="103323">
      <class name="org.browserstack.test.DemoQAStepDef">
        <test-method is-config="true" signature="getDriver()[pri:0, instance:org.browserstack.test.DemoQAStepDef@74518890]" started-at="2023-09-27T12:36:09 GST" name="getDriver" finished-at="2023-09-27T12:36:29 GST" duration-ms="19690" status="PASS">
          <reporter-output>
          </reporter-output>
        </test-method> <!-- getDriver -->
        <test-method signature="validateApplicationDetails()[pri:0, instance:org.browserstack.test.DemoQAStepDef@74518890]" started-at="2023-09-27T12:36:29 GST" name="validateApplicationDetails" finished-at="2023-09-27T12:37:50 GST" duration-ms="81640" status="PASS">
          <reporter-output>
          </reporter-output>
        </test-method> <!-- validateApplicationDetails -->
        <test-method is-config="true" signature="tearDownDriver()[pri:0, instance:org.browserstack.test.DemoQAStepDef@74518890]" started-at="2023-09-27T12:37:51 GST" name="tearDownDriver" finished-at="2023-09-27T12:37:52 GST" duration-ms="1460" status="PASS">
          <reporter-output>
          </reporter-output>
        </test-method> <!-- tearDownDriver -->
      </class> <!-- org.browserstack.test.DemoQAStepDef -->
    </test> <!-- BStackDemo-2 -->
  </suite> <!-- Cross-Platform -->
</testng-results>
